<?xml version="1.0" encoding="UTF-8"?>
<testng-results ignored="0" total="1" passed="1" failed="0" skipped="0">
  <reporter-output>
  </reporter-output>
  <suite started-at="2020-10-30T17:47:24 COT" name="Default suite" finished-at="2020-10-30T17:47:28 COT" duration-ms="3455">
    <groups>
    </groups>
    <test started-at="2020-10-30T17:47:24 COT" name="Default test" finished-at="2020-10-30T17:47:28 COT" duration-ms="3455">
      <class name="tests.BaseClass">
        <test-method is-config="true" signature="setup()[pri:0, instance:tests.BaseClass@7880cdf3]" started-at="2020-10-30T17:47:24 COT" name="setup" finished-at="2020-10-30T17:47:27 COT" duration-ms="3423" status="PASS">
          <reporter-output>
          </reporter-output>
        </test-method> <!-- setup -->
        <test-method signature="sampleTest()[pri:0, instance:tests.BaseClass@7880cdf3]" started-at="2020-10-30T17:47:28 COT" name="sampleTest" finished-at="2020-10-30T17:47:28 COT" duration-ms="5" status="PASS">
          <reporter-output>
          </reporter-output>
        </test-method> <!-- sampleTest -->
        <test-method is-config="true" signature="teardown()[pri:0, instance:tests.BaseClass@7880cdf3]" started-at="2020-10-30T17:47:28 COT" name="teardown" finished-at="2020-10-30T17:47:28 COT" duration-ms="0" status="PASS">
          <reporter-output>
          </reporter-output>
        </test-method> <!-- teardown -->
      </class> <!-- tests.BaseClass -->
    </test> <!-- Default test -->
  </suite> <!-- Default suite -->
</testng-results>
